\BOOKMARK [0][-]{chapter.1}{\376\377\0001\000\040\004\030\004\065\004\100\004\060\004\100\004\105\004\070\004\107\004\065\004\101\004\072\004\070\004\071\000\040\004\101\004\077\004\070\004\101\004\076\004\072\000\040\004\072\004\073\004\060\004\101\004\101\004\076\004\062}{}% 1
\BOOKMARK [1][-]{section.1.1}{\376\377\0001\000.\0001\000\040\004\030\004\065\004\100\004\060\004\100\004\105\004\070\004\117\000\040\004\072\004\073\004\060\004\101\004\101\004\076\004\062}{chapter.1}% 2
\BOOKMARK [0][-]{chapter.2}{\376\377\0002\000\040\004\020\004\073\004\104\004\060\004\062\004\070\004\102\004\075\004\113\004\071\000\040\004\103\004\072\004\060\004\067\004\060\004\102\004\065\004\073\004\114\000\040\004\072\004\073\004\060\004\101\004\101\004\076\004\062}{}% 3
\BOOKMARK [1][-]{section.2.1}{\376\377\0002\000.\0001\000\040\004\032\004\073\004\060\004\101\004\101\004\113}{chapter.2}% 4
\BOOKMARK [0][-]{chapter.3}{\376\377\0003\000\040\004\041\004\077\004\070\004\101\004\076\004\072\000\040\004\104\004\060\004\071\004\073\004\076\004\062}{}% 5
\BOOKMARK [1][-]{section.3.1}{\376\377\0003\000.\0001\000\040\004\044\004\060\004\071\004\073\004\113}{chapter.3}% 6
\BOOKMARK [0][-]{chapter.4}{\376\377\0004\000\040\004\032\004\073\004\060\004\101\004\101\004\113}{}% 7
\BOOKMARK [1][-]{section.4.1}{\376\377\0004\000.\0001\000\040\004\032\004\073\004\060\004\101\004\101\000\040\000A\000u\000t\000h}{chapter.4}% 8
\BOOKMARK [2][-]{subsection.4.1.1}{\376\377\0004\000.\0001\000.\0001\000\040\004\037\004\076\004\064\004\100\004\076\004\061\004\075\004\076\004\065\000\040\004\076\004\077\004\070\004\101\004\060\004\075\004\070\004\065}{section.4.1}% 9
\BOOKMARK [2][-]{subsection.4.1.2}{\376\377\0004\000.\0001\000.\0002\000\040\004\032\004\076\004\075\004\101\004\102\004\100\004\103\004\072\004\102\004\076\004\100\000\050\004\113\000\051}{section.4.1}% 10
\BOOKMARK [3][-]{subsubsection.4.1.2.1}{\376\377\0004\000.\0001\000.\0002\000.\0001\000\040\000A\000u\000t\000h\000\050\000\051}{subsection.4.1.2}% 11
\BOOKMARK [2][-]{subsection.4.1.3}{\376\377\0004\000.\0001\000.\0003\000\040\004\034\004\065\004\102\004\076\004\064\004\113}{section.4.1}% 12
\BOOKMARK [3][-]{subsubsection.4.1.3.1}{\376\377\0004\000.\0001\000.\0003\000.\0001\000\040\000C\000o\000m\000p\000a\000r\000e\000H\000a\000s\000h\000e\000s\000\050\000\051}{subsection.4.1.3}% 13
\BOOKMARK [3][-]{subsubsection.4.1.3.2}{\376\377\0004\000.\0001\000.\0003\000.\0002\000\040\000G\000e\000n\000S\000A\000L\000T\000\050\000\051}{subsection.4.1.3}% 14
\BOOKMARK [1][-]{section.4.2}{\376\377\0004\000.\0002\000\040\004\032\004\073\004\060\004\101\004\101\000\040\000C\000o\000u\000n\000t\000e\000r}{chapter.4}% 15
\BOOKMARK [2][-]{subsection.4.2.1}{\376\377\0004\000.\0002\000.\0001\000\040\004\037\004\076\004\064\004\100\004\076\004\061\004\075\004\076\004\065\000\040\004\076\004\077\004\070\004\101\004\060\004\075\004\070\004\065}{section.4.2}% 16
\BOOKMARK [2][-]{subsection.4.2.2}{\376\377\0004\000.\0002\000.\0002\000\040\004\034\004\065\004\102\004\076\004\064\004\113}{section.4.2}% 17
\BOOKMARK [3][-]{subsubsection.4.2.2.1}{\376\377\0004\000.\0002\000.\0002\000.\0001\000\040\000s\000u\000m\000m\000\050\000\051}{subsection.4.2.2}% 18
\BOOKMARK [1][-]{section.4.3}{\376\377\0004\000.\0003\000\040\004\032\004\073\004\060\004\101\004\101\000\040\000D\000B}{chapter.4}% 19
\BOOKMARK [2][-]{subsection.4.3.1}{\376\377\0004\000.\0003\000.\0001\000\040\004\037\004\076\004\064\004\100\004\076\004\061\004\075\004\076\004\065\000\040\004\076\004\077\004\070\004\101\004\060\004\075\004\070\004\065}{section.4.3}% 20
\BOOKMARK [2][-]{subsection.4.3.2}{\376\377\0004\000.\0003\000.\0002\000\040\004\032\004\076\004\075\004\101\004\102\004\100\004\103\004\072\004\102\004\076\004\100\000\050\004\113\000\051}{section.4.3}% 21
\BOOKMARK [3][-]{subsubsection.4.3.2.1}{\376\377\0004\000.\0003\000.\0002\000.\0001\000\040\000D\000B\000\050\000\051}{subsection.4.3.2}% 22
\BOOKMARK [2][-]{subsection.4.3.3}{\376\377\0004\000.\0003\000.\0003\000\040\004\034\004\065\004\102\004\076\004\064\004\113}{section.4.3}% 23
\BOOKMARK [3][-]{subsubsection.4.3.3.1}{\376\377\0004\000.\0003\000.\0003\000.\0001\000\040\000I\000D\000c\000h\000e\000c\000k\000\050\000\051}{subsection.4.3.3}% 24
\BOOKMARK [1][-]{section.4.4}{\376\377\0004\000.\0004\000\040\004\032\004\073\004\060\004\101\004\101\000\040\000E\000r\000r\000o\000r\000T\000r\000a\000c\000k\000e\000r}{chapter.4}% 25
\BOOKMARK [2][-]{subsection.4.4.1}{\376\377\0004\000.\0004\000.\0001\000\040\004\037\004\076\004\064\004\100\004\076\004\061\004\075\004\076\004\065\000\040\004\076\004\077\004\070\004\101\004\060\004\075\004\070\004\065}{section.4.4}% 26
\BOOKMARK [2][-]{subsection.4.4.2}{\376\377\0004\000.\0004\000.\0002\000\040\004\034\004\065\004\102\004\076\004\064\004\113}{section.4.4}% 27
\BOOKMARK [3][-]{subsubsection.4.4.2.1}{\376\377\0004\000.\0004\000.\0002\000.\0001\000\040\000s\000e\000t\000L\000o\000g\000N\000a\000m\000e\000\050\000\051}{subsection.4.4.2}% 28
\BOOKMARK [3][-]{subsubsection.4.4.2.2}{\376\377\0004\000.\0004\000.\0002\000.\0002\000\040\000w\000r\000i\000t\000e\000\137\000l\000o\000g\000\050\000\051}{subsection.4.4.2}% 29
\BOOKMARK [1][-]{section.4.5}{\376\377\0004\000.\0005\000\040\004\032\004\073\004\060\004\101\004\101\000\040\000O\000p\000t\000s}{chapter.4}% 30
\BOOKMARK [2][-]{subsection.4.5.1}{\376\377\0004\000.\0005\000.\0001\000\040\004\037\004\076\004\064\004\100\004\076\004\061\004\075\004\076\004\065\000\040\004\076\004\077\004\070\004\101\004\060\004\075\004\070\004\065}{section.4.5}% 31
\BOOKMARK [2][-]{subsection.4.5.2}{\376\377\0004\000.\0005\000.\0002\000\040\004\032\004\076\004\075\004\101\004\102\004\100\004\103\004\072\004\102\004\076\004\100\000\050\004\113\000\051}{section.4.5}% 32
\BOOKMARK [3][-]{subsubsection.4.5.2.1}{\376\377\0004\000.\0005\000.\0002\000.\0001\000\040\000O\000p\000t\000s\000\050\000\051}{subsection.4.5.2}% 33
\BOOKMARK [2][-]{subsection.4.5.3}{\376\377\0004\000.\0005\000.\0003\000\040\004\034\004\065\004\102\004\076\004\064\004\113}{section.4.5}% 34
\BOOKMARK [3][-]{subsubsection.4.5.3.1}{\376\377\0004\000.\0005\000.\0003\000.\0001\000\040\000C\000h\000e\000c\000k\000F\000i\000l\000e\000s\000\050\000\051}{subsection.4.5.3}% 35
\BOOKMARK [1][-]{section.4.6}{\376\377\0004\000.\0006\000\040\004\032\004\073\004\060\004\101\004\101\000\040\000s\000e\000r\000v\000e\000r\000\137\000e\000r\000r\000o\000r}{chapter.4}% 36
\BOOKMARK [2][-]{subsection.4.6.1}{\376\377\0004\000.\0006\000.\0001\000\040\004\037\004\076\004\064\004\100\004\076\004\061\004\075\004\076\004\065\000\040\004\076\004\077\004\070\004\101\004\060\004\075\004\070\004\065}{section.4.6}% 37
\BOOKMARK [2][-]{subsection.4.6.2}{\376\377\0004\000.\0006\000.\0002\000\040\004\032\004\076\004\075\004\101\004\102\004\100\004\103\004\072\004\102\004\076\004\100\000\050\004\113\000\051}{section.4.6}% 38
\BOOKMARK [3][-]{subsubsection.4.6.2.1}{\376\377\0004\000.\0006\000.\0002\000.\0001\000\040\000s\000e\000r\000v\000e\000r\000\137\000e\000r\000r\000o\000r\000\050\000\051\000\040\000[\0001\000/\0002\000]}{subsection.4.6.2}% 39
\BOOKMARK [3][-]{subsubsection.4.6.2.2}{\376\377\0004\000.\0006\000.\0002\000.\0002\000\040\000s\000e\000r\000v\000e\000r\000\137\000e\000r\000r\000o\000r\000\050\000\051\000\040\000[\0002\000/\0002\000]}{subsection.4.6.2}% 40
\BOOKMARK [1][-]{section.4.7}{\376\377\0004\000.\0007\000\040\004\032\004\073\004\060\004\101\004\101\000\040\000W\000e\000b\000M\000a\000n\000a\000g\000e\000r}{chapter.4}% 41
\BOOKMARK [2][-]{subsection.4.7.1}{\376\377\0004\000.\0007\000.\0001\000\040\004\037\004\076\004\064\004\100\004\076\004\061\004\075\004\076\004\065\000\040\004\076\004\077\004\070\004\101\004\060\004\075\004\070\004\065}{section.4.7}% 42
\BOOKMARK [2][-]{subsection.4.7.2}{\376\377\0004\000.\0007\000.\0002\000\040\004\032\004\076\004\075\004\101\004\102\004\100\004\103\004\072\004\102\004\076\004\100\000\050\004\113\000\051}{section.4.7}% 43
\BOOKMARK [3][-]{subsubsection.4.7.2.1}{\376\377\0004\000.\0007\000.\0002\000.\0001\000\040\000W\000e\000b\000M\000a\000n\000a\000g\000e\000r\000\050\000\051}{subsection.4.7.2}% 44
\BOOKMARK [2][-]{subsection.4.7.3}{\376\377\0004\000.\0007\000.\0003\000\040\004\034\004\065\004\102\004\076\004\064\004\113}{section.4.7}% 45
\BOOKMARK [3][-]{subsubsection.4.7.3.1}{\376\377\0004\000.\0007\000.\0003\000.\0001\000\040\000a\000c\000c\000e\000p\000t\000i\000n\000g\000\050\000\051}{subsection.4.7.3}% 46
\BOOKMARK [3][-]{subsubsection.4.7.3.2}{\376\377\0004\000.\0007\000.\0003\000.\0002\000\040\000n\000e\000w\000\137\000b\000i\000n\000d\000\050\000\051}{subsection.4.7.3}% 47
\BOOKMARK [3][-]{subsubsection.4.7.3.3}{\376\377\0004\000.\0007\000.\0003\000.\0003\000\040\000r\000e\000c\000e\000i\000v\000i\000n\000g\000\050\000\051}{subsection.4.7.3}% 48
\BOOKMARK [3][-]{subsubsection.4.7.3.4}{\376\377\0004\000.\0007\000.\0003\000.\0004\000\040\000s\000e\000n\000d\000i\000n\000g\000\050\000\051}{subsection.4.7.3}% 49
\BOOKMARK [3][-]{subsubsection.4.7.3.5}{\376\377\0004\000.\0007\000.\0003\000.\0005\000\040\000s\000t\000a\000r\000t\000\137\000l\000i\000s\000t\000e\000n\000i\000n\000g\000\050\000\051}{subsection.4.7.3}% 50
\BOOKMARK [0][-]{chapter.5}{\376\377\0005\000\040\004\044\004\060\004\071\004\073\004\113}{}% 51
\BOOKMARK [1][-]{section.5.1}{\376\377\0005\000.\0001\000\040\004\044\004\060\004\071\004\073\000\040\000A\000u\000t\000h\000.\000h}{chapter.5}% 52
\BOOKMARK [2][-]{subsection.5.1.1}{\376\377\0005\000.\0001\000.\0001\000\040\004\037\004\076\004\064\004\100\004\076\004\061\004\075\004\076\004\065\000\040\004\076\004\077\004\070\004\101\004\060\004\075\004\070\004\065}{section.5.1}% 53
\BOOKMARK [1][-]{section.5.2}{\376\377\0005\000.\0002\000\040\004\044\004\060\004\071\004\073\000\040\000c\000o\000n\000v\000e\000r\000s\000a\000t\000i\000o\000n\000.\000h}{chapter.5}% 54
\BOOKMARK [2][-]{subsection.5.2.1}{\376\377\0005\000.\0002\000.\0001\000\040\004\037\004\076\004\064\004\100\004\076\004\061\004\075\004\076\004\065\000\040\004\076\004\077\004\070\004\101\004\060\004\075\004\070\004\065}{section.5.2}% 55
\BOOKMARK [2][-]{subsection.5.2.2}{\376\377\0005\000.\0002\000.\0002\000\040\004\044\004\103\004\075\004\072\004\106\004\070\004\070}{section.5.2}% 56
\BOOKMARK [3][-]{subsubsection.5.2.2.1}{\376\377\0005\000.\0002\000.\0002\000.\0001\000\040\000c\000o\000n\000v\000e\000r\000s\000a\000t\000i\000o\000n\000\050\000\051}{subsection.5.2.2}% 57
\BOOKMARK [1][-]{section.5.3}{\376\377\0005\000.\0003\000\040\004\044\004\060\004\071\004\073\000\040\000C\000o\000u\000n\000t\000e\000r\000.\000h}{chapter.5}% 58
\BOOKMARK [2][-]{subsection.5.3.1}{\376\377\0005\000.\0003\000.\0001\000\040\004\037\004\076\004\064\004\100\004\076\004\061\004\075\004\076\004\065\000\040\004\076\004\077\004\070\004\101\004\060\004\075\004\070\004\065}{section.5.3}% 59
\BOOKMARK [1][-]{section.5.4}{\376\377\0005\000.\0004\000\040\004\044\004\060\004\071\004\073\000\040\000D\000a\000t\000a\000B\000a\000s\000e\000.\000h}{chapter.5}% 60
\BOOKMARK [2][-]{subsection.5.4.1}{\376\377\0005\000.\0004\000.\0001\000\040\004\037\004\076\004\064\004\100\004\076\004\061\004\075\004\076\004\065\000\040\004\076\004\077\004\070\004\101\004\060\004\075\004\070\004\065}{section.5.4}% 61
\BOOKMARK [1][-]{section.5.5}{\376\377\0005\000.\0005\000\040\004\044\004\060\004\071\004\073\000\040\000E\000r\000r\000o\000r\000T\000r\000a\000c\000k\000e\000r\000.\000h}{chapter.5}% 62
\BOOKMARK [2][-]{subsection.5.5.1}{\376\377\0005\000.\0005\000.\0001\000\040\004\037\004\076\004\064\004\100\004\076\004\061\004\075\004\076\004\065\000\040\004\076\004\077\004\070\004\101\004\060\004\075\004\070\004\065}{section.5.5}% 63
\BOOKMARK [1][-]{section.5.6}{\376\377\0005\000.\0006\000\040\004\044\004\060\004\071\004\073\000\040\000i\000n\000t\000e\000r\000f\000a\000c\000e\000.\000h}{chapter.5}% 64
\BOOKMARK [2][-]{subsection.5.6.1}{\376\377\0005\000.\0006\000.\0001\000\040\004\037\004\076\004\064\004\100\004\076\004\061\004\075\004\076\004\065\000\040\004\076\004\077\004\070\004\101\004\060\004\075\004\070\004\065}{section.5.6}% 65
\BOOKMARK [1][-]{section.5.7}{\376\377\0005\000.\0007\000\040\004\044\004\060\004\071\004\073\000\040\000W\000e\000b\000M\000a\000n\000a\000g\000e\000r\000.\000h}{chapter.5}% 66
\BOOKMARK [2][-]{subsection.5.7.1}{\376\377\0005\000.\0007\000.\0001\000\040\004\037\004\076\004\064\004\100\004\076\004\061\004\075\004\076\004\065\000\040\004\076\004\077\004\070\004\101\004\060\004\075\004\070\004\065}{section.5.7}% 67
\BOOKMARK [0][-]{section*.31}{\376\377\004\037\004\100\004\065\004\064\004\074\004\065\004\102\004\075\004\113\004\071\000\040\004\103\004\072\004\060\004\067\004\060\004\102\004\065\004\073\004\114}{}% 68
